11:03:22.273 [main] INFO  testCases.TC_001_AccountRegistrationTest - ****    Starting TC_001_AccountRegistrationTest****
11:03:22.546 [main] INFO  testCases.TC_001_AccountRegistrationTest - Clicked on My Account link
11:03:23.373 [main] INFO  testCases.TC_001_AccountRegistrationTest - Clicked on register link
11:03:23.377 [main] INFO  testCases.TC_001_AccountRegistrationTest - Providing customer data
11:03:29.834 [main] INFO  testCases.TC_001_AccountRegistrationTest - Clicked on Countinue
11:08:33.482 [main] INFO  testCases.TC_001_AccountRegistrationTest - ****    Starting TC_001_AccountRegistrationTest****
11:08:33.606 [main] INFO  testCases.TC_001_AccountRegistrationTest - Clicked on My Account link
11:08:34.460 [main] INFO  testCases.TC_001_AccountRegistrationTest - Clicked on register link
11:08:34.466 [main] INFO  testCases.TC_001_AccountRegistrationTest - Providing customer data
11:08:37.916 [main] ERROR testCases.TC_001_AccountRegistrationTest - Test failed
11:10:02.323 [main] DEBUG io.netty.util.internal.logging.InternalLoggerFactory - Using Log4J2 as the default logging framework
11:10:02.386 [main] DEBUG io.netty.util.ResourceLeakDetector - -Dio.netty.leakDetection.level: simple
11:10:02.387 [main] DEBUG io.netty.util.ResourceLeakDetector - -Dio.netty.leakDetection.targetRecords: 4
11:10:02.396 [main] DEBUG io.netty.util.ResourceLeakDetectorFactory - Loaded default ResourceLeakDetector: io.netty.util.ResourceLeakDetector@11a7ba62
11:10:02.448 [main] DEBUG io.netty.util.internal.PlatformDependent0 - -Dio.netty.noUnsafe: false
11:10:02.449 [main] DEBUG io.netty.util.internal.PlatformDependent0 - Java version: 19
11:10:02.451 [main] DEBUG io.netty.util.internal.PlatformDependent0 - sun.misc.Unsafe.theUnsafe: available
11:10:02.452 [main] DEBUG io.netty.util.internal.PlatformDependent0 - sun.misc.Unsafe.copyMemory: available
11:10:02.454 [main] DEBUG io.netty.util.internal.PlatformDependent0 - sun.misc.Unsafe.storeFence: available
11:10:02.456 [main] DEBUG io.netty.util.internal.PlatformDependent0 - java.nio.Buffer.address: available
11:10:02.457 [main] DEBUG io.netty.util.internal.PlatformDependent0 - direct buffer constructor: unavailable: Reflective setAccessible(true) disabled
11:10:02.459 [main] DEBUG io.netty.util.internal.PlatformDependent0 - java.nio.Bits.unaligned: available, true
11:10:02.462 [main] DEBUG io.netty.util.internal.PlatformDependent0 - jdk.internal.misc.Unsafe.allocateUninitializedArray(int): unavailable: class io.netty.util.internal.PlatformDependent0$7 cannot access class jdk.internal.misc.Unsafe (in module java.base) because module java.base does not export jdk.internal.misc to unnamed module @1ed6993a
11:10:02.464 [main] DEBUG io.netty.util.internal.PlatformDependent0 - java.nio.DirectByteBuffer.<init>(long, int): unavailable
11:10:02.464 [main] DEBUG io.netty.util.internal.PlatformDependent - sun.misc.Unsafe: available
11:10:02.465 [main] DEBUG io.netty.util.internal.PlatformDependent - maxDirectMemory: 4253024256 bytes (maybe)
11:10:02.466 [main] DEBUG io.netty.util.internal.PlatformDependent - -Dio.netty.tmpdir: C:\Users\ALI~1.LAP\AppData\Local\Temp (java.io.tmpdir)
11:10:02.466 [main] DEBUG io.netty.util.internal.PlatformDependent - -Dio.netty.bitMode: 64 (sun.arch.data.model)
11:10:02.467 [main] DEBUG io.netty.util.internal.PlatformDependent - Platform: Windows
11:10:02.469 [main] DEBUG io.netty.util.internal.PlatformDependent - -Dio.netty.maxDirectMemory: -1 bytes
11:10:02.469 [main] DEBUG io.netty.util.internal.PlatformDependent - -Dio.netty.uninitializedArrayAllocationThreshold: -1
11:10:02.471 [main] DEBUG io.netty.util.internal.CleanerJava9 - java.nio.ByteBuffer.cleaner(): available
11:10:02.472 [main] DEBUG io.netty.util.internal.PlatformDependent - -Dio.netty.noPreferDirect: false
11:10:02.483 [main] DEBUG io.netty.util.internal.PlatformDependent - org.jctools-core.MpscChunkedArrayQueue: available
11:10:02.520 [main] DEBUG io.netty.util.internal.InternalThreadLocalMap - -Dio.netty.threadLocalMap.stringBuilder.initialSize: 1024
11:10:02.520 [main] DEBUG io.netty.util.internal.InternalThreadLocalMap - -Dio.netty.threadLocalMap.stringBuilder.maxSize: 4096
11:10:02.567 [main] DEBUG io.netty.handler.ssl.JdkSslContext - Default protocols (JDK): [TLSv1.3, TLSv1.2] 
11:10:02.568 [main] DEBUG io.netty.handler.ssl.JdkSslContext - Default cipher suites (JDK): [TLS_ECDHE_ECDSA_WITH_AES_256_GCM_SHA384, TLS_ECDHE_ECDSA_WITH_AES_128_GCM_SHA256, TLS_ECDHE_RSA_WITH_AES_128_GCM_SHA256, TLS_ECDHE_RSA_WITH_AES_256_GCM_SHA384, TLS_ECDHE_RSA_WITH_AES_128_CBC_SHA, TLS_ECDHE_RSA_WITH_AES_256_CBC_SHA, TLS_RSA_WITH_AES_128_GCM_SHA256, TLS_RSA_WITH_AES_128_CBC_SHA, TLS_RSA_WITH_AES_256_CBC_SHA, TLS_AES_128_GCM_SHA256, TLS_AES_256_GCM_SHA384]
11:10:02.597 [main] DEBUG io.netty.channel.MultithreadEventLoopGroup - -Dio.netty.eventLoopThreads: 16
11:10:02.606 [main] DEBUG io.netty.channel.nio.NioEventLoop - -Dio.netty.noKeySetOptimization: false
11:10:02.607 [main] DEBUG io.netty.channel.nio.NioEventLoop - -Dio.netty.selectorAutoRebuildThreshold: 512
11:10:02.652 [main] DEBUG io.netty.buffer.PooledByteBufAllocator - -Dio.netty.allocator.numHeapArenas: 16
11:10:02.653 [main] DEBUG io.netty.buffer.PooledByteBufAllocator - -Dio.netty.allocator.numDirectArenas: 16
11:10:02.654 [main] DEBUG io.netty.buffer.PooledByteBufAllocator - -Dio.netty.allocator.pageSize: 8192
11:10:02.654 [main] DEBUG io.netty.buffer.PooledByteBufAllocator - -Dio.netty.allocator.maxOrder: 9
11:10:02.654 [main] DEBUG io.netty.buffer.PooledByteBufAllocator - -Dio.netty.allocator.chunkSize: 4194304
11:10:02.654 [main] DEBUG io.netty.buffer.PooledByteBufAllocator - -Dio.netty.allocator.smallCacheSize: 256
11:10:02.654 [main] DEBUG io.netty.buffer.PooledByteBufAllocator - -Dio.netty.allocator.normalCacheSize: 64
11:10:02.654 [main] DEBUG io.netty.buffer.PooledByteBufAllocator - -Dio.netty.allocator.maxCachedBufferCapacity: 32768
11:10:02.654 [main] DEBUG io.netty.buffer.PooledByteBufAllocator - -Dio.netty.allocator.cacheTrimInterval: 8192
11:10:02.654 [main] DEBUG io.netty.buffer.PooledByteBufAllocator - -Dio.netty.allocator.cacheTrimIntervalMillis: 0
11:10:02.654 [main] DEBUG io.netty.buffer.PooledByteBufAllocator - -Dio.netty.allocator.useCacheForAllThreads: false
11:10:02.654 [main] DEBUG io.netty.buffer.PooledByteBufAllocator - -Dio.netty.allocator.maxCachedByteBuffersPerChunk: 1023
11:10:02.665 [main] DEBUG io.netty.buffer.ByteBufUtil - -Dio.netty.allocator.type: pooled
11:10:02.665 [main] DEBUG io.netty.buffer.ByteBufUtil - -Dio.netty.threadLocalDirectBufferSize: 0
11:10:02.665 [main] DEBUG io.netty.buffer.ByteBufUtil - -Dio.netty.maxThreadLocalCharBufferSize: 16384
11:10:03.006 [Forwarding newSession on session null to remote] DEBUG io.netty.channel.DefaultChannelId - -Dio.netty.processId: 5776 (auto-detected)
11:10:03.011 [Forwarding newSession on session null to remote] DEBUG io.netty.util.NetUtil - -Djava.net.preferIPv4Stack: false
11:10:03.011 [Forwarding newSession on session null to remote] DEBUG io.netty.util.NetUtil - -Djava.net.preferIPv6Addresses: false
11:10:03.024 [Forwarding newSession on session null to remote] DEBUG io.netty.util.NetUtilInitializations - Loopback interface: lo (Software Loopback Interface 1, 127.0.0.1)
11:10:03.027 [Forwarding newSession on session null to remote] DEBUG io.netty.util.NetUtil - Failed to get SOMAXCONN from sysctl and file \proc\sys\net\core\somaxconn. Default: 200
11:10:03.059 [Forwarding newSession on session null to remote] DEBUG io.netty.channel.DefaultChannelId - -Dio.netty.machineId: 48:89:e7:ff:fe:cd:1e:64 (auto-detected)
11:10:03.122 [AsyncHttpClient-1-2] DEBUG io.netty.buffer.AbstractByteBuf - -Dio.netty.buffer.checkAccessible: true
11:10:03.123 [AsyncHttpClient-1-2] DEBUG io.netty.buffer.AbstractByteBuf - -Dio.netty.buffer.checkBounds: true
11:10:03.123 [AsyncHttpClient-1-2] DEBUG io.netty.util.ResourceLeakDetectorFactory - Loaded default ResourceLeakDetector: io.netty.util.ResourceLeakDetector@3c034efc
11:10:03.148 [AsyncHttpClient-1-2] DEBUG io.netty.util.Recycler - -Dio.netty.recycler.maxCapacityPerThread: 4096
11:10:03.148 [AsyncHttpClient-1-2] DEBUG io.netty.util.Recycler - -Dio.netty.recycler.ratio: 8
11:10:03.148 [AsyncHttpClient-1-2] DEBUG io.netty.util.Recycler - -Dio.netty.recycler.chunkSize: 32
11:10:03.148 [AsyncHttpClient-1-2] DEBUG io.netty.util.Recycler - -Dio.netty.recycler.blocking: false
11:10:03.895 [AsyncHttpClient-1-2] DEBUG io.netty.handler.codec.compression.Brotli - brotli4j not in the classpath; Brotli support will be unavailable.
11:10:04.119 [main] DEBUG io.netty.util.internal.ThreadLocalRandom - -Dio.netty.initialSeedUniquifier: 0x0c958741fb243202
11:10:05.232 [main] DEBUG testCases.TC_001_AccountRegistrationTest - applicatio logs.......
11:10:05.233 [main] INFO  testCases.TC_001_AccountRegistrationTest - ****    Starting TC_001_AccountRegistrationTest****
11:10:05.436 [main] INFO  testCases.TC_001_AccountRegistrationTest - Clicked on My Account link
11:10:06.366 [main] INFO  testCases.TC_001_AccountRegistrationTest - Clicked on register link
11:10:06.377 [main] INFO  testCases.TC_001_AccountRegistrationTest - Providing customer data
11:10:13.454 [main] INFO  testCases.TC_001_AccountRegistrationTest - Clicked on Countinue
11:10:13.454 [main] INFO  testCases.TC_001_AccountRegistrationTest - ****    Finished TC_001_AccountRegistrationTest****
12:36:40.881 [main] INFO  testCases.TC_001_AccountRegistrationTest - ****    Starting TC_001_AccountRegistrationTest****
12:36:41.055 [main] INFO  testCases.TC_001_AccountRegistrationTest - Clicked on My Account link
12:36:41.920 [main] INFO  testCases.TC_001_AccountRegistrationTest - Clicked on register link
12:36:41.930 [main] INFO  testCases.TC_001_AccountRegistrationTest - Providing customer data
12:36:49.045 [main] INFO  testCases.TC_001_AccountRegistrationTest - Clicked on Countinue
12:36:49.046 [main] INFO  testCases.TC_001_AccountRegistrationTest - ****    Finished TC_001_AccountRegistrationTest****
12:38:30.618 [main] INFO  testCases.TC_001_AccountRegistrationTest - ****    Starting TC_001_AccountRegistrationTest****
12:38:30.761 [main] INFO  testCases.TC_001_AccountRegistrationTest - Clicked on My Account link
12:38:31.299 [main] INFO  testCases.TC_001_AccountRegistrationTest - Clicked on register link
12:38:31.303 [main] INFO  testCases.TC_001_AccountRegistrationTest - Providing customer data
12:38:37.878 [main] INFO  testCases.TC_001_AccountRegistrationTest - Clicked on Countinue
12:38:37.878 [main] INFO  testCases.TC_001_AccountRegistrationTest - ****    Finished TC_001_AccountRegistrationTest****
12:53:45.033 [main] INFO  testCases.TC_001_AccountRegistrationTest - ****    Starting TC_001_AccountRegistrationTest****
12:53:45.375 [main] INFO  testCases.TC_001_AccountRegistrationTest - Clicked on My Account link
12:53:45.885 [main] INFO  testCases.TC_001_AccountRegistrationTest - Clicked on register link
12:53:45.888 [main] INFO  testCases.TC_001_AccountRegistrationTest - Providing customer data
12:53:52.342 [main] INFO  testCases.TC_001_AccountRegistrationTest - Clicked on Countinue
12:53:52.342 [main] INFO  testCases.TC_001_AccountRegistrationTest - ****    Finished TC_001_AccountRegistrationTest****
13:12:42.169 [main] INFO  testCases.TC_001_AccountRegistrationTest - ****    Starting TC_001_AccountRegistrationTest****
13:12:42.373 [main] INFO  testCases.TC_001_AccountRegistrationTest - Clicked on My Account link
13:12:43.058 [main] INFO  testCases.TC_001_AccountRegistrationTest - Clicked on register link
13:12:43.062 [main] INFO  testCases.TC_001_AccountRegistrationTest - Providing customer data
13:12:49.576 [main] INFO  testCases.TC_001_AccountRegistrationTest - Clicked on Countinue
13:12:49.576 [main] INFO  testCases.TC_001_AccountRegistrationTest - ****    Finished TC_001_AccountRegistrationTest****
13:20:09.029 [TestNG-tests-1] INFO  testCases.TC_001_AccountRegistrationTest - ****    Starting TC_001_AccountRegistrationTest****
13:20:09.164 [TestNG-tests-1] INFO  testCases.TC_001_AccountRegistrationTest - Clicked on My Account link
13:20:09.808 [TestNG-tests-2] INFO  testCases.TC_001_AccountRegistrationTest - ****    Starting TC_001_AccountRegistrationTest****
13:20:09.840 [TestNG-tests-1] INFO  testCases.TC_001_AccountRegistrationTest - Clicked on register link
13:20:09.847 [TestNG-tests-1] INFO  testCases.TC_001_AccountRegistrationTest - Providing customer data
13:20:09.976 [TestNG-tests-2] INFO  testCases.TC_001_AccountRegistrationTest - Clicked on My Account link
13:20:10.753 [TestNG-tests-2] INFO  testCases.TC_001_AccountRegistrationTest - Clicked on register link
13:20:10.756 [TestNG-tests-2] INFO  testCases.TC_001_AccountRegistrationTest - Providing customer data
13:20:16.489 [TestNG-tests-1] INFO  testCases.TC_001_AccountRegistrationTest - Clicked on Countinue
13:20:16.490 [TestNG-tests-1] INFO  testCases.TC_001_AccountRegistrationTest - ****    Finished TC_001_AccountRegistrationTest****
13:20:17.376 [TestNG-tests-2] INFO  testCases.TC_001_AccountRegistrationTest - Clicked on Countinue
13:20:17.376 [TestNG-tests-2] INFO  testCases.TC_001_AccountRegistrationTest - ****    Finished TC_001_AccountRegistrationTest****
14:03:05.501 [main] INFO  testCases.TC_001_AccountRegistrationTest - ****    Starting TC_001_AccountRegistrationTest****
14:03:05.780 [main] INFO  testCases.TC_001_AccountRegistrationTest - Clicked on My Account link
14:03:06.827 [main] INFO  testCases.TC_001_AccountRegistrationTest - Clicked on register link
14:03:06.837 [main] INFO  testCases.TC_001_AccountRegistrationTest - Providing customer data
14:03:13.742 [main] INFO  testCases.TC_001_AccountRegistrationTest - Clicked on Countinue
14:03:13.742 [main] INFO  testCases.TC_001_AccountRegistrationTest - ****    Finished TC_001_AccountRegistrationTest****
07:55:38.245 [main] INFO  testCases.TC_001_AccountRegistrationTest - ****    Starting TC_001_AccountRegistrationTest****
07:55:53.388 [main] ERROR testCases.TC_001_AccountRegistrationTest - Test failed
08:00:18.011 [main] INFO  testCases.TC_001_AccountRegistrationTest - ****    Starting TC_001_AccountRegistrationTest****
08:00:33.107 [main] ERROR testCases.TC_001_AccountRegistrationTest - Test failed
08:04:48.853 [main] INFO  testCases.TC_001_AccountRegistrationTest - ****    Starting TC_001_AccountRegistrationTest****
08:05:04.020 [main] ERROR testCases.TC_001_AccountRegistrationTest - Test failed
08:06:13.768 [main] INFO  testCases.TC_001_AccountRegistrationTest - ****    Starting TC_001_AccountRegistrationTest****
08:06:28.856 [main] ERROR testCases.TC_001_AccountRegistrationTest - Test failed
08:07:43.916 [main] INFO  testCases.TC_001_AccountRegistrationTest - ****    Starting TC_001_AccountRegistrationTest****
08:08:00.793 [main] ERROR testCases.TC_001_AccountRegistrationTest - Test failed
08:45:15.481 [main] INFO  testCases.TC_001_AccountRegistrationTest - ****    Starting TC_001_AccountRegistrationTest****
08:45:30.941 [main] ERROR testCases.TC_001_AccountRegistrationTest - Test failed
18:13:36.845 [main] INFO  testCases.TC_001_AccountRegistrationTest - ****    Starting TC_001_AccountRegistrationTest****
18:13:51.935 [main] ERROR testCases.TC_001_AccountRegistrationTest - Test failed
18:17:24.364 [main] INFO  testCases.TC_001_AccountRegistrationTest - ****    Starting TC_001_AccountRegistrationTest****
18:17:39.472 [main] ERROR testCases.TC_001_AccountRegistrationTest - Test failed
18:22:47.243 [main] INFO  testCases.TC_001_AccountRegistrationTest - ****    Starting TC_001_AccountRegistrationTest****
18:23:02.396 [main] ERROR testCases.TC_001_AccountRegistrationTest - Test failed
18:30:54.500 [main] INFO  testCases.TC_001_AccountRegistrationTest - ****    Starting TC_001_AccountRegistrationTest****
18:31:09.633 [main] ERROR testCases.TC_001_AccountRegistrationTest - Test failed
05:48:49.487 [main] INFO  testCases.TC_001_AccountRegistrationTest - ****    Starting TC_001_AccountRegistrationTest****
05:48:49.631 [main] INFO  testCases.TC_001_AccountRegistrationTest - Clicked on My Account link
05:48:50.201 [main] INFO  testCases.TC_001_AccountRegistrationTest - Clicked on register link
05:48:50.206 [main] INFO  testCases.TC_001_AccountRegistrationTest - Providing customer data
05:48:57.089 [main] INFO  testCases.TC_001_AccountRegistrationTest - Clicked on Countinue
05:48:57.090 [main] INFO  testCases.TC_001_AccountRegistrationTest - ****    Finished TC_001_AccountRegistrationTest****
06:01:10.500 [main] INFO  testCases.TC_001_AccountRegistrationTest - ****    Starting TC_001_AccountRegistrationTest****
06:01:10.646 [main] INFO  testCases.TC_001_AccountRegistrationTest - Clicked on My Account link
06:01:11.096 [main] INFO  testCases.TC_001_AccountRegistrationTest - Clicked on register link
06:01:11.098 [main] INFO  testCases.TC_001_AccountRegistrationTest - Providing customer data
06:01:17.699 [main] INFO  testCases.TC_001_AccountRegistrationTest - Clicked on Countinue
06:01:17.699 [main] INFO  testCases.TC_001_AccountRegistrationTest - ****    Finished TC_001_AccountRegistrationTest****
06:14:40.103 [main] INFO  testCases.TC_001_AccountRegistrationTest - ****    Starting TC_001_AccountRegistrationTest****
06:14:40.215 [main] INFO  testCases.TC_001_AccountRegistrationTest - Clicked on My Account link
06:14:40.589 [main] INFO  testCases.TC_001_AccountRegistrationTest - Clicked on register link
06:14:40.594 [main] INFO  testCases.TC_001_AccountRegistrationTest - Providing customer data
06:14:47.027 [main] ERROR testCases.TC_001_AccountRegistrationTest - Test failed
12:59:09.213 [main] INFO  testCases.TC_001_AccountRegistrationTest - ****    Starting TC_001_AccountRegistrationTest****
12:59:09.348 [main] INFO  testCases.TC_001_AccountRegistrationTest - Clicked on My Account link
12:59:10.473 [main] INFO  testCases.TC_001_AccountRegistrationTest - Clicked on register link
12:59:10.478 [main] INFO  testCases.TC_001_AccountRegistrationTest - Providing customer data
12:59:32.066 [main] ERROR testCases.TC_001_AccountRegistrationTest - Test failed
13:20:07.560 [main] INFO  testCases.TC_001_AccountRegistrationTest - ****    Starting TC_001_AccountRegistrationTest****
13:20:07.721 [main] INFO  testCases.TC_001_AccountRegistrationTest - Clicked on My Account link
13:20:08.358 [main] INFO  testCases.TC_001_AccountRegistrationTest - Clicked on register link
13:20:08.363 [main] INFO  testCases.TC_001_AccountRegistrationTest - Providing customer data
13:20:30.347 [main] ERROR testCases.TC_001_AccountRegistrationTest - Test failed
13:22:52.601 [main] INFO  testCases.TC_001_AccountRegistrationTest - ****    Starting TC_001_AccountRegistrationTest****
13:22:52.682 [main] INFO  testCases.TC_001_AccountRegistrationTest - Clicked on My Account link
13:22:52.992 [main] INFO  testCases.TC_001_AccountRegistrationTest - Clicked on register link
13:22:52.994 [main] INFO  testCases.TC_001_AccountRegistrationTest - Providing customer data
13:23:14.391 [main] ERROR testCases.TC_001_AccountRegistrationTest - Test failed
13:30:19.493 [main] INFO  testCases.TC_001_AccountRegistrationTest - ****    Starting TC_001_AccountRegistrationTest****
13:30:19.572 [main] INFO  testCases.TC_001_AccountRegistrationTest - Clicked on My Account link
13:30:19.853 [main] INFO  testCases.TC_001_AccountRegistrationTest - Clicked on register link
13:30:19.856 [main] INFO  testCases.TC_001_AccountRegistrationTest - Providing customer data
13:30:34.837 [main] ERROR testCases.TC_001_AccountRegistrationTest - Test failed
13:31:28.168 [main] INFO  testCases.TC_001_AccountRegistrationTest - ****    Starting TC_001_AccountRegistrationTest****
13:31:28.241 [main] INFO  testCases.TC_001_AccountRegistrationTest - Clicked on My Account link
13:31:28.540 [main] INFO  testCases.TC_001_AccountRegistrationTest - Clicked on register link
13:31:28.545 [main] INFO  testCases.TC_001_AccountRegistrationTest - Providing customer data
13:31:49.930 [main] ERROR testCases.TC_001_AccountRegistrationTest - Test failed
13:35:11.925 [main] INFO  testCases.TC_001_AccountRegistrationTest - ****    Starting TC_001_AccountRegistrationTest****
13:35:12.006 [main] INFO  testCases.TC_001_AccountRegistrationTest - Clicked on My Account link
13:35:12.306 [main] INFO  testCases.TC_001_AccountRegistrationTest - Clicked on register link
13:35:12.309 [main] INFO  testCases.TC_001_AccountRegistrationTest - Providing customer data
13:35:33.739 [main] ERROR testCases.TC_001_AccountRegistrationTest - Test failed
13:43:39.216 [main] INFO  testCases.TC_001_AccountRegistrationTest - ****    Starting TC_001_AccountRegistrationTest****
13:43:39.301 [main] INFO  testCases.TC_001_AccountRegistrationTest - Clicked on My Account link
13:43:39.592 [main] INFO  testCases.TC_001_AccountRegistrationTest - Clicked on register link
13:43:39.595 [main] INFO  testCases.TC_001_AccountRegistrationTest - Providing customer data
13:44:02.945 [main] ERROR testCases.TC_001_AccountRegistrationTest - Test failed
13:45:59.583 [main] INFO  testCases.TC_001_AccountRegistrationTest - ****    Starting TC_001_AccountRegistrationTest****
13:45:59.659 [main] INFO  testCases.TC_001_AccountRegistrationTest - Clicked on My Account link
13:45:59.968 [main] INFO  testCases.TC_001_AccountRegistrationTest - Clicked on register link
13:45:59.971 [main] INFO  testCases.TC_001_AccountRegistrationTest - Providing customer data
13:46:00.210 [main] ERROR testCases.TC_001_AccountRegistrationTest - Test failed
13:47:34.052 [main] INFO  testCases.TC_001_AccountRegistrationTest - ****    Starting TC_001_AccountRegistrationTest****
13:47:34.136 [main] INFO  testCases.TC_001_AccountRegistrationTest - Clicked on My Account link
13:47:34.430 [main] INFO  testCases.TC_001_AccountRegistrationTest - Clicked on register link
13:47:34.433 [main] INFO  testCases.TC_001_AccountRegistrationTest - Providing customer data
13:47:55.894 [main] ERROR testCases.TC_001_AccountRegistrationTest - Test failed
13:55:15.308 [main] INFO  testCases.TC_001_AccountRegistrationTest - ****    Starting TC_001_AccountRegistrationTest****
13:55:15.392 [main] INFO  testCases.TC_001_AccountRegistrationTest - Clicked on My Account link
13:55:15.690 [main] INFO  testCases.TC_001_AccountRegistrationTest - Clicked on register link
13:55:15.693 [main] INFO  testCases.TC_001_AccountRegistrationTest - Providing customer data
13:55:37.153 [main] ERROR testCases.TC_001_AccountRegistrationTest - Test failed
13:59:05.220 [main] INFO  testCases.TC_001_AccountRegistrationTest - ****    Starting TC_001_AccountRegistrationTest****
13:59:05.298 [main] INFO  testCases.TC_001_AccountRegistrationTest - Clicked on My Account link
13:59:05.607 [main] INFO  testCases.TC_001_AccountRegistrationTest - Clicked on register link
13:59:05.610 [main] INFO  testCases.TC_001_AccountRegistrationTest - Providing customer data
13:59:14.369 [main] INFO  testCases.TC_001_AccountRegistrationTest - Clicked on Countinue
13:59:14.408 [main] INFO  testCases.TC_001_AccountRegistrationTest - Validating expected message
13:59:14.410 [main] INFO  testCases.TC_001_AccountRegistrationTest - ****    Finished TC_001_AccountRegistrationTest****
16:26:11.928 [main] INFO  testCases.TC_001_AccountRegistrationTest - ****    Starting TC_001_AccountRegistrationTest****
16:26:12.040 [main] INFO  testCases.TC_001_AccountRegistrationTest - Clicked on My Account link
16:26:12.478 [main] INFO  testCases.TC_001_AccountRegistrationTest - Clicked on register link
16:26:12.483 [main] INFO  testCases.TC_001_AccountRegistrationTest - Providing customer data
16:26:22.266 [main] INFO  testCases.TC_001_AccountRegistrationTest - Clicked on Countinue
16:26:22.315 [main] INFO  testCases.TC_001_AccountRegistrationTest - Validating expected message
16:26:22.319 [main] INFO  testCases.TC_001_AccountRegistrationTest - ****    Finished TC_001_AccountRegistrationTest****
16:29:28.674 [main] INFO  testCases.TC_002_LoginTest - *****Starting TC_002_LoginTest*****
16:29:28.703 [main] INFO  testCases.TC_002_LoginTest - Clicked on my account
16:29:29.131 [main] INFO  testCases.TC_002_LoginTest - Clicked on login Link
16:29:29.133 [main] INFO  testCases.TC_002_LoginTest - Providing login details
16:32:20.342 [main] INFO  testCases.TC_002_LoginTest - *****Starting TC_002_LoginTest*****
16:32:20.386 [main] INFO  testCases.TC_002_LoginTest - Clicked on my account
16:32:20.832 [main] INFO  testCases.TC_002_LoginTest - Clicked on login Link
16:32:20.834 [main] INFO  testCases.TC_002_LoginTest - Providing login details
16:32:21.593 [main] INFO  testCases.TC_002_LoginTest - Clicked on login button
16:33:15.445 [main] INFO  testCases.TC_002_LoginTest - *****Starting TC_002_LoginTest*****
16:33:15.479 [main] INFO  testCases.TC_002_LoginTest - Clicked on my account
16:33:15.917 [main] INFO  testCases.TC_002_LoginTest - Clicked on login Link
16:33:15.918 [main] INFO  testCases.TC_002_LoginTest - Providing login details
16:33:16.761 [main] INFO  testCases.TC_002_LoginTest - Clicked on login button
16:36:28.281 [main] INFO  testCases.TC_002_LoginTest - *****Starting TC_002_LoginTest*****
16:36:28.318 [main] INFO  testCases.TC_002_LoginTest - Clicked on my account
16:36:28.953 [main] INFO  testCases.TC_002_LoginTest - Clicked on login Link
16:36:28.955 [main] INFO  testCases.TC_002_LoginTest - Providing login details
16:36:30.117 [main] INFO  testCases.TC_002_LoginTest - Clicked on login button
16:40:42.082 [main] INFO  testCases.TC_002_LoginTest - *****Starting TC_002_LoginTest*****
16:40:42.131 [main] INFO  testCases.TC_002_LoginTest - Clicked on my account
16:40:42.786 [main] INFO  testCases.TC_002_LoginTest - Clicked on login Link
16:40:42.788 [main] INFO  testCases.TC_002_LoginTest - Providing login details
16:40:43.421 [main] INFO  testCases.TC_002_LoginTest - Clicked on login button
16:54:35.453 [main] INFO  testCases.TC_002_LoginTest - *****Starting TC_002_LoginTest*****
16:54:35.488 [main] INFO  testCases.TC_002_LoginTest - Clicked on my account
16:54:36.134 [main] INFO  testCases.TC_002_LoginTest - Clicked on login Link
16:54:36.137 [main] INFO  testCases.TC_002_LoginTest - Providing login details
16:58:55.156 [main] INFO  testCases.TC_002_LoginTest - *****Starting TC_002_LoginTest*****
16:58:55.201 [main] INFO  testCases.TC_002_LoginTest - Clicked on my account
16:58:55.875 [main] INFO  testCases.TC_002_LoginTest - Clicked on login Link
16:58:55.878 [main] INFO  testCases.TC_002_LoginTest - Providing login details
16:58:57.157 [main] INFO  testCases.TC_002_LoginTest - Clicked on login button
17:08:31.080 [main] INFO  testCases.TC_002_LoginTest - *****Starting TC_002_LoginTest*****
17:08:31.130 [main] INFO  testCases.TC_002_LoginTest - Clicked on my account
17:08:31.654 [main] INFO  testCases.TC_002_LoginTest - Clicked on login Link
17:08:31.656 [main] INFO  testCases.TC_002_LoginTest - Providing login details
17:08:32.869 [main] INFO  testCases.TC_002_LoginTest - Clicked on login button
17:13:34.561 [main] INFO  testCases.TC_002_LoginTest - *****Starting TC_002_LoginTest*****
17:13:34.610 [main] INFO  testCases.TC_002_LoginTest - Clicked on my account
17:13:35.276 [main] INFO  testCases.TC_002_LoginTest - Clicked on login Link
17:13:35.278 [main] INFO  testCases.TC_002_LoginTest - Providing login details
17:13:36.044 [main] INFO  testCases.TC_002_LoginTest - Clicked on login button
17:13:36.136 [main] INFO  testCases.TC_002_LoginTest - *****Finished TC_002_LoginTest*****
12:33:18.658 [main] INFO  testCases.TC_002_LoginTest - *****Starting TC_002_LoginTest*****
12:33:18.701 [main] INFO  testCases.TC_002_LoginTest - Clicked on my account
12:33:19.678 [main] INFO  testCases.TC_002_LoginTest - Clicked on login Link
12:33:19.683 [main] INFO  testCases.TC_002_LoginTest - Providing login details
12:33:21.012 [main] INFO  testCases.TC_002_LoginTest - Clicked on login button
12:33:21.075 [main] INFO  testCases.TC_002_LoginTest - *****Finished TC_002_LoginTest*****
11:09:38.149 [main] INFO  testCases.TC_002_LoginTest - *****Starting TC_002_LoginTest*****
11:09:38.200 [main] INFO  testCases.TC_002_LoginTest - Clicked on my account
11:09:39.040 [main] INFO  testCases.TC_002_LoginTest - Clicked on login Link
11:09:39.044 [main] INFO  testCases.TC_002_LoginTest - Providing login details
11:09:40.495 [main] INFO  testCases.TC_002_LoginTest - Clicked on login button
11:09:40.567 [main] INFO  testCases.TC_002_LoginTest - *****Finished TC_002_LoginTest*****
07:12:04.910 [main] INFO  testCases.TC_001_AccountRegistrationTest - ****    Starting TC_001_AccountRegistrationTest****
07:12:05.224 [main] INFO  testCases.TC_001_AccountRegistrationTest - Clicked on My Account link
07:12:06.604 [main] INFO  testCases.TC_001_AccountRegistrationTest - Clicked on register link
07:12:06.610 [main] INFO  testCases.TC_001_AccountRegistrationTest - Providing customer data
07:12:16.782 [main] INFO  testCases.TC_001_AccountRegistrationTest - Clicked on Countinue
07:12:16.845 [main] INFO  testCases.TC_001_AccountRegistrationTest - Validating expected message
07:12:16.847 [main] INFO  testCases.TC_001_AccountRegistrationTest - ****    Finished TC_001_AccountRegistrationTest****
07:12:18.903 [main] INFO  testCases.TC_002_LoginTest - *****Starting TC_002_LoginTest*****
07:12:18.904 [main] INFO  testCases.TC_002_LoginTest - Clicked on my account
07:12:19.434 [main] INFO  testCases.TC_002_LoginTest - Clicked on login Link
07:12:19.436 [main] INFO  testCases.TC_002_LoginTest - Providing login details
07:12:20.404 [main] INFO  testCases.TC_002_LoginTest - Clicked on login button
07:12:20.466 [main] INFO  testCases.TC_002_LoginTest - *****Finished TC_002_LoginTest*****
07:16:33.084 [main] INFO  testCases.TC_002_LoginTest - *****Starting TC_002_LoginTest*****
07:16:33.125 [main] INFO  testCases.TC_002_LoginTest - Clicked on my account
07:16:33.648 [main] INFO  testCases.TC_002_LoginTest - Clicked on login Link
07:16:33.652 [main] INFO  testCases.TC_002_LoginTest - Providing login details
07:16:34.522 [main] INFO  testCases.TC_002_LoginTest - Clicked on login button
07:16:34.627 [main] INFO  testCases.TC_002_LoginTest - *****Finished TC_002_LoginTest*****
07:28:28.877 [main] INFO  testCases.TC_002_LoginTest - *****Starting TC_002_LoginTest*****
07:28:28.924 [main] INFO  testCases.TC_002_LoginTest - Clicked on my account
07:28:29.391 [main] INFO  testCases.TC_002_LoginTest - Clicked on login Link
07:28:29.394 [main] INFO  testCases.TC_002_LoginTest - Providing login details
07:28:30.315 [main] INFO  testCases.TC_002_LoginTest - Clicked on login button
07:28:30.433 [main] INFO  testCases.TC_002_LoginTest - *****Finished TC_002_LoginTest*****
07:35:30.028 [main] INFO  testCases.TC_001_AccountRegistrationTest - ****    Starting TC_001_AccountRegistrationTest****
07:35:30.184 [main] INFO  testCases.TC_001_AccountRegistrationTest - Clicked on My Account link
07:35:30.758 [main] INFO  testCases.TC_001_AccountRegistrationTest - Clicked on register link
07:35:30.762 [main] INFO  testCases.TC_001_AccountRegistrationTest - Providing customer data
07:35:40.351 [main] INFO  testCases.TC_001_AccountRegistrationTest - Clicked on Countinue
07:35:40.399 [main] INFO  testCases.TC_001_AccountRegistrationTest - Validating expected message
07:35:43.457 [main] INFO  testCases.TC_002_LoginTest - *****Starting TC_002_LoginTest*****
07:35:43.458 [main] INFO  testCases.TC_002_LoginTest - Clicked on my account
07:35:43.958 [main] INFO  testCases.TC_002_LoginTest - Clicked on login Link
07:35:43.959 [main] INFO  testCases.TC_002_LoginTest - Providing login details
07:35:45.002 [main] INFO  testCases.TC_002_LoginTest - Clicked on login button
07:35:45.128 [main] INFO  testCases.TC_002_LoginTest - *****Finished TC_002_LoginTest*****
07:37:35.290 [main] INFO  testCases.TC_001_AccountRegistrationTest - ****    Starting TC_001_AccountRegistrationTest****
07:37:35.396 [main] INFO  testCases.TC_001_AccountRegistrationTest - Clicked on My Account link
07:37:35.833 [main] INFO  testCases.TC_001_AccountRegistrationTest - Clicked on register link
07:37:35.837 [main] INFO  testCases.TC_001_AccountRegistrationTest - Providing customer data
07:37:45.241 [main] INFO  testCases.TC_001_AccountRegistrationTest - Clicked on Countinue
07:37:45.295 [main] INFO  testCases.TC_001_AccountRegistrationTest - Validating expected message
07:37:45.299 [main] INFO  testCases.TC_001_AccountRegistrationTest - ****    Finished TC_001_AccountRegistrationTest****
07:39:36.349 [main] INFO  testCases.TC_001_AccountRegistrationTest - ****    Starting TC_001_AccountRegistrationTest****
07:39:36.494 [main] INFO  testCases.TC_001_AccountRegistrationTest - Clicked on My Account link
07:39:37.079 [main] INFO  testCases.TC_001_AccountRegistrationTest - Clicked on register link
07:39:37.084 [main] INFO  testCases.TC_001_AccountRegistrationTest - Providing customer data
07:39:46.797 [main] INFO  testCases.TC_001_AccountRegistrationTest - Clicked on Countinue
07:39:46.851 [main] INFO  testCases.TC_001_AccountRegistrationTest - Validating expected message
07:39:46.854 [main] INFO  testCases.TC_001_AccountRegistrationTest - ****    Finished TC_001_AccountRegistrationTest****
07:39:49.477 [main] INFO  testCases.TC_002_LoginTest - *****Starting TC_002_LoginTest*****
07:39:49.477 [main] INFO  testCases.TC_002_LoginTest - Clicked on my account
07:39:49.909 [main] INFO  testCases.TC_002_LoginTest - Clicked on login Link
07:39:49.911 [main] INFO  testCases.TC_002_LoginTest - Providing login details
07:39:50.537 [main] INFO  testCases.TC_002_LoginTest - Clicked on login button
07:41:13.902 [main] INFO  testCases.TC_002_LoginTest - *****Starting TC_002_LoginTest*****
07:41:13.938 [main] INFO  testCases.TC_002_LoginTest - Clicked on my account
07:41:14.500 [main] INFO  testCases.TC_002_LoginTest - Clicked on login Link
07:41:14.501 [main] INFO  testCases.TC_002_LoginTest - Providing login details
07:41:15.311 [main] INFO  testCases.TC_002_LoginTest - Clicked on login button
07:41:15.419 [main] INFO  testCases.TC_002_LoginTest - *****Finished TC_002_LoginTest*****
14:06:26.077 [main] INFO  testCases.TC_001_AccountRegistrationTest - ****    Starting TC_001_AccountRegistrationTest****
14:06:26.198 [main] INFO  testCases.TC_001_AccountRegistrationTest - Clicked on My Account link
14:06:27.085 [main] INFO  testCases.TC_001_AccountRegistrationTest - Clicked on register link
14:06:27.092 [main] INFO  testCases.TC_001_AccountRegistrationTest - Providing customer data
14:06:36.558 [main] INFO  testCases.TC_001_AccountRegistrationTest - Clicked on Countinue
14:06:36.604 [main] INFO  testCases.TC_001_AccountRegistrationTest - Validating expected message
14:06:36.608 [main] INFO  testCases.TC_001_AccountRegistrationTest - ****    Finished TC_001_AccountRegistrationTest****
14:06:39.109 [main] INFO  testCases.TC_002_LoginTest - *****Starting TC_002_LoginTest*****
14:06:39.109 [main] INFO  testCases.TC_002_LoginTest - Clicked on my account
14:06:39.553 [main] INFO  testCases.TC_002_LoginTest - Clicked on login Link
14:06:39.555 [main] INFO  testCases.TC_002_LoginTest - Providing login details
14:06:41.007 [main] INFO  testCases.TC_002_LoginTest - Clicked on login button
14:06:41.144 [main] INFO  testCases.TC_002_LoginTest - *****Finished TC_002_LoginTest*****
14:48:31.960 [main] INFO  testCases.TC_001_AccountRegistrationTest - ****    Starting TC_001_AccountRegistrationTest****
14:48:32.123 [main] INFO  testCases.TC_001_AccountRegistrationTest - Clicked on My Account link
14:48:32.526 [main] INFO  testCases.TC_001_AccountRegistrationTest - Clicked on register link
14:48:32.529 [main] INFO  testCases.TC_001_AccountRegistrationTest - Providing customer data
14:48:41.984 [main] INFO  testCases.TC_001_AccountRegistrationTest - Clicked on Countinue
14:48:42.028 [main] INFO  testCases.TC_001_AccountRegistrationTest - Validating expected message
14:48:42.032 [main] INFO  testCases.TC_001_AccountRegistrationTest - ****    Finished TC_001_AccountRegistrationTest****
14:48:44.688 [main] INFO  testCases.TC_002_LoginTest - *****Starting TC_002_LoginTest*****
14:48:44.688 [main] INFO  testCases.TC_002_LoginTest - Clicked on my account
14:48:45.030 [main] INFO  testCases.TC_002_LoginTest - Clicked on login Link
14:48:45.031 [main] INFO  testCases.TC_002_LoginTest - Providing login details
14:48:45.750 [main] INFO  testCases.TC_002_LoginTest - Clicked on login button
14:48:45.814 [main] INFO  testCases.TC_002_LoginTest - *****Finished TC_002_LoginTest*****
15:04:27.128 [main] INFO  testCases.TC_001_AccountRegistrationTest - ****    Starting TC_001_AccountRegistrationTest****
15:04:27.248 [main] INFO  testCases.TC_001_AccountRegistrationTest - Clicked on My Account link
15:04:27.638 [main] INFO  testCases.TC_001_AccountRegistrationTest - Clicked on register link
15:04:27.643 [main] INFO  testCases.TC_001_AccountRegistrationTest - Providing customer data
15:04:36.997 [main] INFO  testCases.TC_001_AccountRegistrationTest - Clicked on Countinue
15:04:37.046 [main] INFO  testCases.TC_001_AccountRegistrationTest - Validating expected message
15:04:37.049 [main] INFO  testCases.TC_001_AccountRegistrationTest - ****    Finished TC_001_AccountRegistrationTest****
15:04:39.532 [main] INFO  testCases.TC_002_LoginTest - *****Starting TC_002_LoginTest*****
15:04:39.533 [main] INFO  testCases.TC_002_LoginTest - Clicked on my account
15:04:40.018 [main] INFO  testCases.TC_002_LoginTest - Clicked on login Link
15:04:40.020 [main] INFO  testCases.TC_002_LoginTest - Providing login details
15:04:41.199 [main] INFO  testCases.TC_002_LoginTest - Clicked on login button
15:04:41.369 [main] INFO  testCases.TC_002_LoginTest - *****Finished TC_002_LoginTest*****
15:36:29.593 [main] INFO  testCases.TC_001_AccountRegistrationTest - ****    Starting TC_001_AccountRegistrationTest****
15:36:29.707 [main] INFO  testCases.TC_001_AccountRegistrationTest - Clicked on My Account link
15:36:30.455 [main] INFO  testCases.TC_001_AccountRegistrationTest - Clicked on register link
15:36:30.457 [main] INFO  testCases.TC_001_AccountRegistrationTest - Providing customer data
15:36:40.410 [main] INFO  testCases.TC_001_AccountRegistrationTest - Clicked on Countinue
15:36:40.474 [main] INFO  testCases.TC_001_AccountRegistrationTest - Validating expected message
15:36:40.477 [main] INFO  testCases.TC_001_AccountRegistrationTest - ****    Finished TC_001_AccountRegistrationTest****
15:36:43.041 [main] INFO  testCases.TC_002_LoginTest - *****Starting TC_002_LoginTest*****
15:36:43.043 [main] INFO  testCases.TC_002_LoginTest - Clicked on my account
15:36:43.803 [main] INFO  testCases.TC_002_LoginTest - Clicked on login Link
15:36:43.805 [main] INFO  testCases.TC_002_LoginTest - Providing login details
15:36:45.005 [main] INFO  testCases.TC_002_LoginTest - Clicked on login button
15:36:45.101 [main] INFO  testCases.TC_002_LoginTest - *****Finished TC_002_LoginTest*****
16:26:43.136 [main] INFO  testCases.TC_001_AccountRegistrationTest - ****    Starting TC_001_AccountRegistrationTest****
16:26:43.314 [main] INFO  testCases.TC_001_AccountRegistrationTest - Clicked on My Account link
16:26:43.966 [main] INFO  testCases.TC_001_AccountRegistrationTest - Clicked on register link
16:26:43.971 [main] INFO  testCases.TC_001_AccountRegistrationTest - Providing customer data
16:26:53.496 [main] INFO  testCases.TC_001_AccountRegistrationTest - Clicked on Countinue
16:26:53.599 [main] INFO  testCases.TC_001_AccountRegistrationTest - Validating expected message
16:26:53.608 [main] INFO  testCases.TC_001_AccountRegistrationTest - ****    Finished TC_001_AccountRegistrationTest****
16:26:56.836 [main] INFO  testCases.TC_002_LoginTest - *****Starting TC_002_LoginTest*****
16:26:56.836 [main] INFO  testCases.TC_002_LoginTest - Clicked on my account
16:26:57.436 [main] INFO  testCases.TC_002_LoginTest - Clicked on login Link
16:26:57.440 [main] INFO  testCases.TC_002_LoginTest - Providing login details
16:26:58.248 [main] INFO  testCases.TC_002_LoginTest - Clicked on login button
16:26:58.348 [main] INFO  testCases.TC_002_LoginTest - *****Finished TC_002_LoginTest*****
16:29:55.586 [main] INFO  testCases.TC_001_AccountRegistrationTest - ****    Starting TC_001_AccountRegistrationTest****
16:29:55.711 [main] INFO  testCases.TC_001_AccountRegistrationTest - Clicked on My Account link
16:29:56.132 [main] INFO  testCases.TC_001_AccountRegistrationTest - Clicked on register link
16:29:56.136 [main] INFO  testCases.TC_001_AccountRegistrationTest - Providing customer data
16:30:05.524 [main] INFO  testCases.TC_001_AccountRegistrationTest - Clicked on Countinue
16:30:05.590 [main] INFO  testCases.TC_001_AccountRegistrationTest - Validating expected message
16:30:05.594 [main] INFO  testCases.TC_001_AccountRegistrationTest - ****    Finished TC_001_AccountRegistrationTest****
16:30:08.771 [main] INFO  testCases.TC_002_LoginTest - *****Starting TC_002_LoginTest*****
16:30:08.772 [main] INFO  testCases.TC_002_LoginTest - Clicked on my account
16:30:09.309 [main] INFO  testCases.TC_002_LoginTest - Clicked on login Link
16:30:09.312 [main] INFO  testCases.TC_002_LoginTest - Providing login details
16:30:10.150 [main] INFO  testCases.TC_002_LoginTest - Clicked on login button
16:30:10.266 [main] INFO  testCases.TC_002_LoginTest - *****Finished TC_002_LoginTest*****
21:15:22.554 [main] INFO  testCases.TC_001_AccountRegistrationTest - ****    Starting TC_001_AccountRegistrationTest****
21:15:22.658 [main] INFO  testCases.TC_001_AccountRegistrationTest - Clicked on My Account link
21:15:23.517 [main] INFO  testCases.TC_001_AccountRegistrationTest - Clicked on register link
21:15:23.520 [main] INFO  testCases.TC_001_AccountRegistrationTest - Providing customer data
21:15:33.543 [main] INFO  testCases.TC_001_AccountRegistrationTest - Clicked on Countinue
21:15:33.612 [main] INFO  testCases.TC_001_AccountRegistrationTest - Validating expected message
21:15:33.615 [main] INFO  testCases.TC_001_AccountRegistrationTest - ****    Finished TC_001_AccountRegistrationTest****
21:15:36.020 [main] INFO  testCases.TC_002_LoginTest - *****Starting TC_002_LoginTest*****
21:15:36.021 [main] INFO  testCases.TC_002_LoginTest - Clicked on my account
21:15:36.572 [main] INFO  testCases.TC_002_LoginTest - Clicked on login Link
21:15:36.576 [main] INFO  testCases.TC_002_LoginTest - Providing login details
21:15:37.651 [main] INFO  testCases.TC_002_LoginTest - Clicked on login button
21:15:37.735 [main] INFO  testCases.TC_002_LoginTest - *****Finished TC_002_LoginTest*****
21:16:55.053 [main] INFO  testCases.TC_001_AccountRegistrationTest - ****    Starting TC_001_AccountRegistrationTest****
21:16:55.181 [main] INFO  testCases.TC_001_AccountRegistrationTest - Clicked on My Account link
21:16:55.590 [main] INFO  testCases.TC_001_AccountRegistrationTest - Clicked on register link
21:16:55.594 [main] INFO  testCases.TC_001_AccountRegistrationTest - Providing customer data
21:17:04.902 [main] INFO  testCases.TC_001_AccountRegistrationTest - Clicked on Countinue
21:17:04.977 [main] INFO  testCases.TC_001_AccountRegistrationTest - Validating expected message
21:17:04.982 [main] INFO  testCases.TC_001_AccountRegistrationTest - ****    Finished TC_001_AccountRegistrationTest****
21:17:07.182 [main] INFO  testCases.TC_002_LoginTest - *****Starting TC_002_LoginTest*****
21:17:07.182 [main] INFO  testCases.TC_002_LoginTest - Clicked on my account
21:17:07.596 [main] INFO  testCases.TC_002_LoginTest - Clicked on login Link
21:17:07.599 [main] INFO  testCases.TC_002_LoginTest - Providing login details
21:17:08.454 [main] INFO  testCases.TC_002_LoginTest - Clicked on login button
21:17:08.554 [main] INFO  testCases.TC_002_LoginTest - *****Finished TC_002_LoginTest*****
21:17:51.043 [main] INFO  testCases.TC_001_AccountRegistrationTest - ****    Starting TC_001_AccountRegistrationTest****
21:17:51.190 [main] INFO  testCases.TC_001_AccountRegistrationTest - Clicked on My Account link
21:17:51.723 [main] INFO  testCases.TC_001_AccountRegistrationTest - Clicked on register link
21:17:51.728 [main] INFO  testCases.TC_001_AccountRegistrationTest - Providing customer data
21:18:01.524 [main] INFO  testCases.TC_001_AccountRegistrationTest - Clicked on Countinue
21:18:01.607 [main] INFO  testCases.TC_001_AccountRegistrationTest - Validating expected message
21:18:01.612 [main] INFO  testCases.TC_001_AccountRegistrationTest - ****    Finished TC_001_AccountRegistrationTest****
21:18:04.025 [main] INFO  testCases.TC_002_LoginTest - *****Starting TC_002_LoginTest*****
21:18:04.026 [main] INFO  testCases.TC_002_LoginTest - Clicked on my account
21:18:04.451 [main] INFO  testCases.TC_002_LoginTest - Clicked on login Link
21:18:04.454 [main] INFO  testCases.TC_002_LoginTest - Providing login details
21:18:05.297 [main] INFO  testCases.TC_002_LoginTest - Clicked on login button
21:18:05.362 [main] INFO  testCases.TC_002_LoginTest - *****Finished TC_002_LoginTest*****
14:59:17.079 [main] INFO  testCases.TC_001_AccountRegistrationTest - ****    Starting TC_001_AccountRegistrationTest****
14:59:17.200 [main] INFO  testCases.TC_001_AccountRegistrationTest - Clicked on My Account link
14:59:17.888 [main] INFO  testCases.TC_001_AccountRegistrationTest - Clicked on register link
14:59:17.892 [main] INFO  testCases.TC_001_AccountRegistrationTest - Providing customer data
14:59:27.348 [main] INFO  testCases.TC_001_AccountRegistrationTest - Clicked on Countinue
14:59:27.403 [main] INFO  testCases.TC_001_AccountRegistrationTest - Validating expected message
14:59:27.407 [main] INFO  testCases.TC_001_AccountRegistrationTest - ****    Finished TC_001_AccountRegistrationTest****
14:59:30.241 [main] INFO  testCases.TC_002_LoginTest - *****Starting TC_002_LoginTest*****
14:59:30.242 [main] INFO  testCases.TC_002_LoginTest - Clicked on my account
14:59:30.736 [main] INFO  testCases.TC_002_LoginTest - Clicked on login Link
14:59:30.738 [main] INFO  testCases.TC_002_LoginTest - Providing login details
14:59:31.720 [main] INFO  testCases.TC_002_LoginTest - Clicked on login button
14:59:31.810 [main] INFO  testCases.TC_002_LoginTest - *****Finished TC_002_LoginTest*****
15:02:15.799 [main] INFO  testCases.TC_001_AccountRegistrationTest - ****    Starting TC_001_AccountRegistrationTest****
15:02:15.938 [main] INFO  testCases.TC_001_AccountRegistrationTest - Clicked on My Account link
15:02:16.375 [main] INFO  testCases.TC_001_AccountRegistrationTest - Clicked on register link
15:02:16.379 [main] INFO  testCases.TC_001_AccountRegistrationTest - Providing customer data
15:02:25.677 [main] INFO  testCases.TC_001_AccountRegistrationTest - Clicked on Countinue
15:02:25.729 [main] INFO  testCases.TC_001_AccountRegistrationTest - Validating expected message
15:02:25.733 [main] INFO  testCases.TC_001_AccountRegistrationTest - ****    Finished TC_001_AccountRegistrationTest****
15:02:27.879 [main] INFO  testCases.TC_002_LoginTest - *****Starting TC_002_LoginTest*****
15:02:27.880 [main] INFO  testCases.TC_002_LoginTest - Clicked on my account
15:02:28.347 [main] INFO  testCases.TC_002_LoginTest - Clicked on login Link
15:02:28.351 [main] INFO  testCases.TC_002_LoginTest - Providing login details
15:02:29.249 [main] INFO  testCases.TC_002_LoginTest - Clicked on login button
15:02:29.315 [main] INFO  testCases.TC_002_LoginTest - *****Finished TC_002_LoginTest*****
15:07:50.765 [main] INFO  testCases.TC_001_AccountRegistrationTest - ****    Starting TC_001_AccountRegistrationTest****
15:07:50.952 [main] INFO  testCases.TC_001_AccountRegistrationTest - Clicked on My Account link
15:07:51.370 [main] INFO  testCases.TC_001_AccountRegistrationTest - Clicked on register link
15:07:51.374 [main] INFO  testCases.TC_001_AccountRegistrationTest - Providing customer data
15:08:00.918 [main] INFO  testCases.TC_001_AccountRegistrationTest - Clicked on Countinue
15:08:00.970 [main] INFO  testCases.TC_001_AccountRegistrationTest - Validating expected message
15:08:00.974 [main] INFO  testCases.TC_001_AccountRegistrationTest - ****    Finished TC_001_AccountRegistrationTest****
15:08:03.427 [main] INFO  testCases.TC_002_LoginTest - *****Starting TC_002_LoginTest*****
15:08:03.427 [main] INFO  testCases.TC_002_LoginTest - Clicked on my account
15:08:03.823 [main] INFO  testCases.TC_002_LoginTest - Clicked on login Link
15:08:03.826 [main] INFO  testCases.TC_002_LoginTest - Providing login details
15:08:04.668 [main] INFO  testCases.TC_002_LoginTest - Clicked on login button
15:08:04.733 [main] INFO  testCases.TC_002_LoginTest - *****Finished TC_002_LoginTest*****
15:09:33.050 [main] INFO  testCases.TC_001_AccountRegistrationTest - ****    Starting TC_001_AccountRegistrationTest****
15:09:33.221 [main] INFO  testCases.TC_001_AccountRegistrationTest - Clicked on My Account link
15:09:33.696 [main] INFO  testCases.TC_001_AccountRegistrationTest - Clicked on register link
15:09:33.699 [main] INFO  testCases.TC_001_AccountRegistrationTest - Providing customer data
15:09:43.351 [main] INFO  testCases.TC_001_AccountRegistrationTest - Clicked on Countinue
15:09:43.401 [main] INFO  testCases.TC_001_AccountRegistrationTest - Validating expected message
15:09:43.404 [main] INFO  testCases.TC_001_AccountRegistrationTest - ****    Finished TC_001_AccountRegistrationTest****
15:09:45.779 [main] INFO  testCases.TC_002_LoginTest - *****Starting TC_002_LoginTest*****
15:09:45.780 [main] INFO  testCases.TC_002_LoginTest - Clicked on my account
15:09:46.193 [main] INFO  testCases.TC_002_LoginTest - Clicked on login Link
15:09:46.195 [main] INFO  testCases.TC_002_LoginTest - Providing login details
15:09:47.003 [main] INFO  testCases.TC_002_LoginTest - Clicked on login button
